#! /c/Source/iverilog-install/bin/vvp
:ivl_version "12.0 (devel)" "(s20150603-1110-g18392a46)";
:ivl_delay_selection "TYPICAL";
:vpi_time_precision - 12;
:vpi_module "C:\iverilog\lib\ivl\system.vpi";
:vpi_module "C:\iverilog\lib\ivl\vhdl_sys.vpi";
:vpi_module "C:\iverilog\lib\ivl\vhdl_textio.vpi";
:vpi_module "C:\iverilog\lib\ivl\v2005_math.vpi";
:vpi_module "C:\iverilog\lib\ivl\va_math.vpi";
S_00000283c23106b0 .scope module, "tb_fifo" "tb_fifo" 2 3;
 .timescale -9 -12;
P_00000283c2433380 .param/l "B" 0 2 7, +C4<00000000000000000000000000001000>;
P_00000283c24333b8 .param/l "PERIOD" 0 2 6, +C4<00000000000000000000000000001010>;
v00000283c2369c80_0 .var "clk", 0 0;
v00000283c2369d20_0 .net "empty", 0 0, L_00000283c22fbdb0;  1 drivers
v00000283c2369500_0 .net "full", 0 0, L_00000283c22fbfe0;  1 drivers
v00000283c23695a0_0 .net "r_data", 7 0, L_00000283c22fbc60;  1 drivers
v00000283c2369e60_0 .var "rd", 0 0;
v00000283c2369640_0 .var "reset", 0 0;
v00000283c236b4b0_0 .var "w_data", 7 0;
v00000283c236a510_0 .var "wr", 0 0;
S_00000283c2310840 .scope module, "u_fifo" "fifo" 2 25, 3 1 0, S_00000283c23106b0;
 .timescale -9 -12;
    .port_info 0 /INPUT 1 "clk";
    .port_info 1 /INPUT 1 "reset";
    .port_info 2 /INPUT 1 "rd";
    .port_info 3 /INPUT 1 "wr";
    .port_info 4 /INPUT 8 "w_data";
    .port_info 5 /OUTPUT 1 "empty";
    .port_info 6 /OUTPUT 1 "full";
    .port_info 7 /OUTPUT 8 "r_data";
P_00000283c2433220 .param/l "B" 0 3 3, +C4<00000000000000000000000000001000>;
P_00000283c2433258 .param/l "W" 0 3 4, +C4<00000000000000000000000000000010>;
L_00000283c22fbc60 .functor BUFZ 8, L_00000283c236b9b0, C4<00000000>, C4<00000000>, C4<00000000>;
L_00000283c22fbb10 .functor AND 1, v00000283c236a510_0, L_00000283c236a470, C4<1>, C4<1>;
L_00000283c22fbfe0 .functor BUFZ 1, v00000283c2369820_0, C4<0>, C4<0>, C4<0>;
L_00000283c22fbdb0 .functor BUFZ 1, v00000283c23690a0_0, C4<0>, C4<0>, C4<0>;
v00000283c23109d0_0 .net *"_ivl_0", 7 0, L_00000283c236b9b0;  1 drivers
v00000283c2433010_0 .net *"_ivl_2", 3 0, L_00000283c236afb0;  1 drivers
L_00000283c236c078 .functor BUFT 1, C4<00>, C4<0>, C4<0>, C4<0>;
v00000283c2310a70_0 .net *"_ivl_5", 1 0, L_00000283c236c078;  1 drivers
v00000283c22ffa50_0 .net *"_ivl_9", 0 0, L_00000283c236a470;  1 drivers
v00000283c22ffaf0 .array "array_reg", 0 3, 7 0;
v00000283c2369f00_0 .net "clk", 0 0, v00000283c2369c80_0;  1 drivers
v00000283c2369960_0 .net "empty", 0 0, L_00000283c22fbdb0;  alias, 1 drivers
v00000283c2369fa0_0 .var "empty_next", 0 0;
v00000283c23690a0_0 .var "empty_reg", 0 0;
v00000283c23696e0_0 .net "full", 0 0, L_00000283c22fbfe0;  alias, 1 drivers
v00000283c2369a00_0 .var "full_next", 0 0;
v00000283c2369820_0 .var "full_reg", 0 0;
v00000283c2369140_0 .net "r_data", 7 0, L_00000283c22fbc60;  alias, 1 drivers
v00000283c2369b40_0 .var "r_ptr_next", 1 0;
v00000283c2369be0_0 .var "r_ptr_reg", 1 0;
v00000283c23691e0_0 .var "r_ptr_succ", 1 0;
v00000283c2369280_0 .net "rd", 0 0, v00000283c2369e60_0;  1 drivers
v00000283c2369780_0 .net "reset", 0 0, v00000283c2369640_0;  1 drivers
v00000283c2369460_0 .net "w_data", 7 0, v00000283c236b4b0_0;  1 drivers
v00000283c2369dc0_0 .var "w_ptr_next", 1 0;
v00000283c23698c0_0 .var "w_ptr_reg", 1 0;
v00000283c2369320_0 .var "w_ptr_succ", 1 0;
v00000283c2369aa0_0 .net "wr", 0 0, v00000283c236a510_0;  1 drivers
v00000283c23693c0_0 .net "wr_en", 0 0, L_00000283c22fbb10;  1 drivers
E_00000283c22f66f0/0 .event anyedge, v00000283c23698c0_0, v00000283c2369be0_0, v00000283c2369820_0, v00000283c23690a0_0;
E_00000283c22f66f0/1 .event anyedge, v00000283c2369aa0_0, v00000283c2369280_0, v00000283c23691e0_0, v00000283c2369320_0;
E_00000283c22f66f0 .event/or E_00000283c22f66f0/0, E_00000283c22f66f0/1;
E_00000283c22f6af0 .event posedge, v00000283c2369780_0, v00000283c2369f00_0;
E_00000283c22f6430 .event posedge, v00000283c2369f00_0;
L_00000283c236b9b0 .array/port v00000283c22ffaf0, L_00000283c236afb0;
L_00000283c236afb0 .concat [ 2 2 0 0], v00000283c2369be0_0, L_00000283c236c078;
L_00000283c236a470 .reduce/nor v00000283c2369820_0;
    .scope S_00000283c2310840;
T_0 ;
    %wait E_00000283c22f6430;
    %load/vec4 v00000283c23693c0_0;
    %flag_set/vec4 8;
    %jmp/0xz  T_0.0, 8;
    %load/vec4 v00000283c2369460_0;
    %load/vec4 v00000283c23698c0_0;
    %pad/u 4;
    %ix/vec4 3;
    %ix/load 4, 0, 0; Constant delay
    %assign/vec4/a/d v00000283c22ffaf0, 0, 4;
T_0.0 ;
    %jmp T_0;
    .thread T_0;
    .scope S_00000283c2310840;
T_1 ;
    %wait E_00000283c22f6af0;
    %load/vec4 v00000283c2369780_0;
    %flag_set/vec4 8;
    %jmp/0xz  T_1.0, 8;
    %pushi/vec4 0, 0, 2;
    %assign/vec4 v00000283c23698c0_0, 0;
    %pushi/vec4 0, 0, 2;
    %assign/vec4 v00000283c2369be0_0, 0;
    %pushi/vec4 0, 0, 1;
    %assign/vec4 v00000283c2369820_0, 0;
    %pushi/vec4 1, 0, 1;
    %assign/vec4 v00000283c23690a0_0, 0;
    %jmp T_1.1;
T_1.0 ;
    %load/vec4 v00000283c2369dc0_0;
    %assign/vec4 v00000283c23698c0_0, 0;
    %load/vec4 v00000283c2369b40_0;
    %assign/vec4 v00000283c2369be0_0, 0;
    %load/vec4 v00000283c2369a00_0;
    %assign/vec4 v00000283c2369820_0, 0;
    %load/vec4 v00000283c2369fa0_0;
    %assign/vec4 v00000283c23690a0_0, 0;
T_1.1 ;
    %jmp T_1;
    .thread T_1;
    .scope S_00000283c2310840;
T_2 ;
    %wait E_00000283c22f66f0;
    %load/vec4 v00000283c23698c0_0;
    %addi 1, 0, 2;
    %store/vec4 v00000283c2369320_0, 0, 2;
    %load/vec4 v00000283c2369be0_0;
    %addi 1, 0, 2;
    %store/vec4 v00000283c23691e0_0, 0, 2;
    %load/vec4 v00000283c23698c0_0;
    %store/vec4 v00000283c2369dc0_0, 0, 2;
    %load/vec4 v00000283c2369be0_0;
    %store/vec4 v00000283c2369b40_0, 0, 2;
    %load/vec4 v00000283c2369820_0;
    %store/vec4 v00000283c2369a00_0, 0, 1;
    %load/vec4 v00000283c23690a0_0;
    %store/vec4 v00000283c2369fa0_0, 0, 1;
    %load/vec4 v00000283c2369aa0_0;
    %load/vec4 v00000283c2369280_0;
    %concat/vec4; draw_concat_vec4
    %dup/vec4;
    %pushi/vec4 1, 0, 2;
    %cmp/u;
    %jmp/1 T_2.0, 6;
    %dup/vec4;
    %pushi/vec4 2, 0, 2;
    %cmp/u;
    %jmp/1 T_2.1, 6;
    %dup/vec4;
    %pushi/vec4 3, 0, 2;
    %cmp/u;
    %jmp/1 T_2.2, 6;
    %jmp T_2.3;
T_2.0 ;
    %load/vec4 v00000283c23690a0_0;
    %nor/r;
    %flag_set/vec4 8;
    %jmp/0xz  T_2.4, 8;
    %load/vec4 v00000283c23691e0_0;
    %store/vec4 v00000283c2369b40_0, 0, 2;
    %pushi/vec4 0, 0, 1;
    %store/vec4 v00000283c2369a00_0, 0, 1;
    %load/vec4 v00000283c23691e0_0;
    %load/vec4 v00000283c23698c0_0;
    %cmp/e;
    %jmp/0xz  T_2.6, 4;
    %pushi/vec4 1, 0, 1;
    %store/vec4 v00000283c2369fa0_0, 0, 1;
T_2.6 ;
T_2.4 ;
    %jmp T_2.3;
T_2.1 ;
    %load/vec4 v00000283c2369820_0;
    %nor/r;
    %flag_set/vec4 8;
    %jmp/0xz  T_2.8, 8;
    %load/vec4 v00000283c2369320_0;
    %store/vec4 v00000283c2369dc0_0, 0, 2;
    %pushi/vec4 0, 0, 1;
    %store/vec4 v00000283c2369fa0_0, 0, 1;
    %load/vec4 v00000283c2369320_0;
    %load/vec4 v00000283c2369be0_0;
    %cmp/e;
    %jmp/0xz  T_2.10, 4;
    %pushi/vec4 1, 0, 1;
    %store/vec4 v00000283c2369a00_0, 0, 1;
T_2.10 ;
T_2.8 ;
    %jmp T_2.3;
T_2.2 ;
    %load/vec4 v00000283c2369320_0;
    %store/vec4 v00000283c2369dc0_0, 0, 2;
    %load/vec4 v00000283c23691e0_0;
    %store/vec4 v00000283c2369b40_0, 0, 2;
    %jmp T_2.3;
T_2.3 ;
    %pop/vec4 1;
    %jmp T_2;
    .thread T_2, $push;
    .scope S_00000283c23106b0;
T_3 ;
T_3.0 ;
    %delay 1000, 0;
    %load/vec4 v00000283c2369c80_0;
    %inv;
    %store/vec4 v00000283c2369c80_0, 0, 1;
    %jmp T_3.0;
    %end;
    .thread T_3;
    .scope S_00000283c23106b0;
T_4 ;
    %pushi/vec4 0, 0, 1;
    %store/vec4 v00000283c2369c80_0, 0, 1;
    %pushi/vec4 1, 0, 1;
    %store/vec4 v00000283c2369640_0, 0, 1;
    %pushi/vec4 0, 0, 1;
    %store/vec4 v00000283c2369e60_0, 0, 1;
    %pushi/vec4 0, 0, 1;
    %store/vec4 v00000283c236a510_0, 0, 1;
    %pushi/vec4 0, 0, 8;
    %store/vec4 v00000283c236b4b0_0, 0, 8;
    %delay 10000, 0;
    %pushi/vec4 0, 0, 1;
    %store/vec4 v00000283c2369640_0, 0, 1;
    %pushi/vec4 1, 0, 1;
    %store/vec4 v00000283c236a510_0, 0, 1;
    %pushi/vec4 2, 0, 8;
    %store/vec4 v00000283c236b4b0_0, 0, 8;
    %delay 10000, 0;
    %pushi/vec4 8, 0, 8;
    %store/vec4 v00000283c236b4b0_0, 0, 8;
    %delay 10000, 0;
    %pushi/vec4 5, 0, 8;
    %store/vec4 v00000283c236b4b0_0, 0, 8;
    %delay 10000, 0;
    %pushi/vec4 5, 0, 8;
    %store/vec4 v00000283c236b4b0_0, 0, 8;
    %delay 10000, 0;
    %pushi/vec4 1, 0, 1;
    %store/vec4 v00000283c2369e60_0, 0, 1;
    %delay 50000, 0;
    %vpi_call 2 69 "$finish" {0 0 0};
    %end;
    .thread T_4;
    .scope S_00000283c23106b0;
T_5 ;
    %vpi_call 2 74 "$dumpfile", "fifo_tb.vcb" {0 0 0};
    %vpi_call 2 75 "$monitor", "Time = %g ,full= %b,empty = %b,rd = %b, wr = %b , w_data = %b, r_data = %b \012", $time, v00000283c2369500_0, v00000283c2369d20_0, v00000283c2369e60_0, v00000283c236a510_0, v00000283c236b4b0_0, v00000283c23695a0_0 {0 0 0};
    %end;
    .thread T_5;
# The file index is used to find the file name in the following table.
:file_names 4;
    "N/A";
    "<interactive>";
    "fifo_tb.v";
    "./fifo.v";
